mode: atomic
github.com/gucio321/tic-tac-go/internal/terminalgame/utils/utils.go:19.14,22.22 2 0
github.com/gucio321/tic-tac-go/internal/terminalgame/utils/utils.go:33.2,33.16 1 0
github.com/gucio321/tic-tac-go/internal/terminalgame/utils/utils.go:23.26,26.18 3 0
github.com/gucio321/tic-tac-go/internal/terminalgame/utils/utils.go:27.18,30.18 3 0
github.com/gucio321/tic-tac-go/internal/terminalgame/utils/utils.go:33.16,35.3 1 0
github.com/gucio321/tic-tac-go/internal/terminalgame/utils/utils.go:39.77,45.30 5 1
github.com/gucio321/tic-tac-go/internal/terminalgame/utils/utils.go:50.2,50.29 1 1
github.com/gucio321/tic-tac-go/internal/terminalgame/utils/utils.go:64.2,64.19 1 1
github.com/gucio321/tic-tac-go/internal/terminalgame/utils/utils.go:68.2,68.14 1 1
github.com/gucio321/tic-tac-go/internal/terminalgame/utils/utils.go:45.30,48.3 1 0
github.com/gucio321/tic-tac-go/internal/terminalgame/utils/utils.go:50.29,52.29 2 10
github.com/gucio321/tic-tac-go/internal/terminalgame/utils/utils.go:61.3,61.15 1 10
github.com/gucio321/tic-tac-go/internal/terminalgame/utils/utils.go:52.29,57.4 3 2
github.com/gucio321/tic-tac-go/internal/terminalgame/utils/utils.go:57.9,59.4 1 8
github.com/gucio321/tic-tac-go/internal/terminalgame/utils/utils.go:64.19,66.3 1 1
github.com/gucio321/tic-tac-go/internal/terminalgame/utils/utils.go:71.57,75.25 3 0
github.com/gucio321/tic-tac-go/internal/terminalgame/utils/utils.go:89.2,89.32 1 0
github.com/gucio321/tic-tac-go/internal/terminalgame/utils/utils.go:75.25,76.29 1 0
github.com/gucio321/tic-tac-go/internal/terminalgame/utils/utils.go:83.3,83.21 1 0
github.com/gucio321/tic-tac-go/internal/terminalgame/utils/utils.go:76.29,78.4 1 0
github.com/gucio321/tic-tac-go/internal/terminalgame/utils/utils.go:78.9,81.4 1 0
github.com/gucio321/tic-tac-go/internal/terminalgame/utils/utils.go:83.21,86.4 2 0
github.com/gucio321/tic-tac-go/pkg/core/pcplayer/pc_player_engine.go:14.13,16.2 1 1
github.com/gucio321/tic-tac-go/pkg/core/pcplayer/pc_player_engine.go:18.88,21.60 2 2
github.com/gucio321/tic-tac-go/pkg/core/pcplayer/pc_player_engine.go:35.2,35.34 1 2
github.com/gucio321/tic-tac-go/pkg/core/pcplayer/pc_player_engine.go:21.60,22.32 1 18
github.com/gucio321/tic-tac-go/pkg/core/pcplayer/pc_player_engine.go:26.3,30.49 3 13
github.com/gucio321/tic-tac-go/pkg/core/pcplayer/pc_player_engine.go:22.32,23.12 1 5
github.com/gucio321/tic-tac-go/pkg/core/pcplayer/pc_player_engine.go:30.49,32.4 1 1
github.com/gucio321/tic-tac-go/pkg/core/pcplayer/pc_player_engine.go:67.82,70.25 2 1
github.com/gucio321/tic-tac-go/pkg/core/pcplayer/pc_player_engine.go:74.2,77.22 3 1
github.com/gucio321/tic-tac-go/pkg/core/pcplayer/pc_player_engine.go:91.2,92.22 2 1
github.com/gucio321/tic-tac-go/pkg/core/pcplayer/pc_player_engine.go:102.2,102.15 1 1
github.com/gucio321/tic-tac-go/pkg/core/pcplayer/pc_player_engine.go:70.25,72.3 1 0
github.com/gucio321/tic-tac-go/pkg/core/pcplayer/pc_player_engine.go:77.22,80.23 2 60
github.com/gucio321/tic-tac-go/pkg/core/pcplayer/pc_player_engine.go:86.3,86.30 1 60
github.com/gucio321/tic-tac-go/pkg/core/pcplayer/pc_player_engine.go:80.23,81.44 1 120
github.com/gucio321/tic-tac-go/pkg/core/pcplayer/pc_player_engine.go:81.44,83.5 1 10
github.com/gucio321/tic-tac-go/pkg/core/pcplayer/pc_player_engine.go:86.30,88.4 1 1
github.com/gucio321/tic-tac-go/pkg/core/pcplayer/pc_player_engine.go:92.22,93.29 1 12
github.com/gucio321/tic-tac-go/pkg/core/pcplayer/pc_player_engine.go:93.29,94.36 1 12
github.com/gucio321/tic-tac-go/pkg/core/pcplayer/pc_player_engine.go:94.36,96.5 1 0
github.com/gucio321/tic-tac-go/pkg/core/pcplayer/pc_player_engine.go:96.10,96.43 1 12
github.com/gucio321/tic-tac-go/pkg/core/pcplayer/pc_player_engine.go:96.43,98.5 1 1
github.com/gucio321/tic-tac-go/pkg/core/pcplayer/pc_player_engine.go:117.72,123.52 3 0
github.com/gucio321/tic-tac-go/pkg/core/pcplayer/pc_player_engine.go:136.2,136.56 1 0
github.com/gucio321/tic-tac-go/pkg/core/pcplayer/pc_player_engine.go:148.2,148.56 1 0
github.com/gucio321/tic-tac-go/pkg/core/pcplayer/pc_player_engine.go:154.2,154.20 1 0
github.com/gucio321/tic-tac-go/pkg/core/pcplayer/pc_player_engine.go:158.2,158.60 1 0
github.com/gucio321/tic-tac-go/pkg/core/pcplayer/pc_player_engine.go:164.2,164.20 1 0
github.com/gucio321/tic-tac-go/pkg/core/pcplayer/pc_player_engine.go:168.2,172.28 4 0
github.com/gucio321/tic-tac-go/pkg/core/pcplayer/pc_player_engine.go:193.2,193.33 1 0
github.com/gucio321/tic-tac-go/pkg/core/pcplayer/pc_player_engine.go:197.2,197.37 1 0
github.com/gucio321/tic-tac-go/pkg/core/pcplayer/pc_player_engine.go:201.2,201.20 1 0
github.com/gucio321/tic-tac-go/pkg/core/pcplayer/pc_player_engine.go:206.2,206.42 1 0
github.com/gucio321/tic-tac-go/pkg/core/pcplayer/pc_player_engine.go:212.2,212.20 1 0
github.com/gucio321/tic-tac-go/pkg/core/pcplayer/pc_player_engine.go:216.2,216.41 1 0
github.com/gucio321/tic-tac-go/pkg/core/pcplayer/pc_player_engine.go:222.2,222.20 1 0
github.com/gucio321/tic-tac-go/pkg/core/pcplayer/pc_player_engine.go:226.2,227.105 2 0
github.com/gucio321/tic-tac-go/pkg/core/pcplayer/pc_player_engine.go:231.2,231.90 1 0
github.com/gucio321/tic-tac-go/pkg/core/pcplayer/pc_player_engine.go:123.52,124.29 1 0
github.com/gucio321/tic-tac-go/pkg/core/pcplayer/pc_player_engine.go:130.3,130.21 1 0
github.com/gucio321/tic-tac-go/pkg/core/pcplayer/pc_player_engine.go:124.29,125.32 1 0
github.com/gucio321/tic-tac-go/pkg/core/pcplayer/pc_player_engine.go:125.32,127.5 1 0
github.com/gucio321/tic-tac-go/pkg/core/pcplayer/pc_player_engine.go:130.21,132.4 1 0
github.com/gucio321/tic-tac-go/pkg/core/pcplayer/pc_player_engine.go:136.56,137.29 1 0
github.com/gucio321/tic-tac-go/pkg/core/pcplayer/pc_player_engine.go:143.3,143.21 1 0
github.com/gucio321/tic-tac-go/pkg/core/pcplayer/pc_player_engine.go:137.29,138.32 1 0
github.com/gucio321/tic-tac-go/pkg/core/pcplayer/pc_player_engine.go:138.32,140.5 1 0
github.com/gucio321/tic-tac-go/pkg/core/pcplayer/pc_player_engine.go:143.21,145.4 1 0
github.com/gucio321/tic-tac-go/pkg/core/pcplayer/pc_player_engine.go:148.56,149.31 1 0
github.com/gucio321/tic-tac-go/pkg/core/pcplayer/pc_player_engine.go:149.31,151.4 1 0
github.com/gucio321/tic-tac-go/pkg/core/pcplayer/pc_player_engine.go:154.20,156.3 1 0
github.com/gucio321/tic-tac-go/pkg/core/pcplayer/pc_player_engine.go:158.60,159.31 1 0
github.com/gucio321/tic-tac-go/pkg/core/pcplayer/pc_player_engine.go:159.31,161.4 1 0
github.com/gucio321/tic-tac-go/pkg/core/pcplayer/pc_player_engine.go:164.20,166.3 1 0
github.com/gucio321/tic-tac-go/pkg/core/pcplayer/pc_player_engine.go:172.28,173.31 1 0
github.com/gucio321/tic-tac-go/pkg/core/pcplayer/pc_player_engine.go:179.3,181.32 2 0
github.com/gucio321/tic-tac-go/pkg/core/pcplayer/pc_player_engine.go:185.3,185.45 1 0
github.com/gucio321/tic-tac-go/pkg/core/pcplayer/pc_player_engine.go:173.31,176.12 2 0
github.com/gucio321/tic-tac-go/pkg/core/pcplayer/pc_player_engine.go:181.32,182.12 1 0
github.com/gucio321/tic-tac-go/pkg/core/pcplayer/pc_player_engine.go:186.17,187.52 1 0
github.com/gucio321/tic-tac-go/pkg/core/pcplayer/pc_player_engine.go:188.21,189.60 1 0
github.com/gucio321/tic-tac-go/pkg/core/pcplayer/pc_player_engine.go:193.33,195.3 1 0
github.com/gucio321/tic-tac-go/pkg/core/pcplayer/pc_player_engine.go:197.37,199.3 1 0
github.com/gucio321/tic-tac-go/pkg/core/pcplayer/pc_player_engine.go:201.20,203.3 1 0
github.com/gucio321/tic-tac-go/pkg/core/pcplayer/pc_player_engine.go:206.42,207.31 1 0
github.com/gucio321/tic-tac-go/pkg/core/pcplayer/pc_player_engine.go:207.31,209.4 1 0
github.com/gucio321/tic-tac-go/pkg/core/pcplayer/pc_player_engine.go:212.20,214.3 1 0
github.com/gucio321/tic-tac-go/pkg/core/pcplayer/pc_player_engine.go:216.41,217.31 1 0
github.com/gucio321/tic-tac-go/pkg/core/pcplayer/pc_player_engine.go:217.31,219.4 1 0
github.com/gucio321/tic-tac-go/pkg/core/pcplayer/pc_player_engine.go:222.20,224.3 1 0
github.com/gucio321/tic-tac-go/pkg/core/pcplayer/pc_player_engine.go:227.105,229.3 1 0
github.com/gucio321/tic-tac-go/pkg/core/pcplayer/pc_player_engine.go:234.41,239.2 2 0
github.com/gucio321/tic-tac-go/pkg/core/board/letter/letter.go:14.33,22.9 3 4
github.com/gucio321/tic-tac-go/pkg/core/board/letter/letter.go:26.2,26.15 1 3
github.com/gucio321/tic-tac-go/pkg/core/board/letter/letter.go:22.9,23.72 1 1
github.com/gucio321/tic-tac-go/pkg/core/board/letter/letter.go:30.35,31.11 1 3
github.com/gucio321/tic-tac-go/pkg/core/board/letter/letter.go:38.2,38.19 1 1
github.com/gucio321/tic-tac-go/pkg/core/board/letter/letter.go:32.15,33.17 1 1
github.com/gucio321/tic-tac-go/pkg/core/board/letter/letter.go:34.15,35.17 1 1
github.com/gucio321/tic-tac-go/pkg/core/players/player/player.go:21.31,29.9 3 3
github.com/gucio321/tic-tac-go/pkg/core/players/player/player.go:33.2,33.15 1 2
github.com/gucio321/tic-tac-go/pkg/core/players/player/player.go:29.9,30.84 1 1
github.com/gucio321/tic-tac-go/pkg/core/players/player/player.go:44.70,52.2 2 7
github.com/gucio321/tic-tac-go/pkg/core/players/player/player.go:55.29,56.21 1 2
github.com/gucio321/tic-tac-go/pkg/core/players/player/player.go:60.2,60.29 1 1
github.com/gucio321/tic-tac-go/pkg/core/players/player/player.go:56.21,57.58 1 1
github.com/gucio321/tic-tac-go/pkg/core/players/player/player.go:64.41,66.2 1 2
github.com/gucio321/tic-tac-go/pkg/core/players/player/player.go:69.32,71.2 1 2
github.com/gucio321/tic-tac-go/pkg/core/players/player/player.go:74.30,76.2 1 1
github.com/gucio321/tic-tac-go/pkg/core/board/board.go:16.40,24.30 2 31
github.com/gucio321/tic-tac-go/pkg/core/board/board.go:28.2,28.15 1 31
github.com/gucio321/tic-tac-go/pkg/core/board/board.go:24.30,26.3 1 364
github.com/gucio321/tic-tac-go/pkg/core/board/board.go:32.29,34.2 1 22
github.com/gucio321/tic-tac-go/pkg/core/board/board.go:37.30,39.2 1 22
github.com/gucio321/tic-tac-go/pkg/core/board/board.go:42.35,44.2 1 1
github.com/gucio321/tic-tac-go/pkg/core/board/board.go:47.59,48.31 1 18
github.com/gucio321/tic-tac-go/pkg/core/board/board.go:52.2,52.20 1 17
github.com/gucio321/tic-tac-go/pkg/core/board/board.go:48.31,49.91 1 1
github.com/gucio321/tic-tac-go/pkg/core/board/board.go:56.52,57.31 1 12
github.com/gucio321/tic-tac-go/pkg/core/board/board.go:61.2,61.19 1 11
github.com/gucio321/tic-tac-go/pkg/core/board/board.go:57.31,58.91 1 1
github.com/gucio321/tic-tac-go/pkg/core/board/board.go:65.41,66.31 1 8
github.com/gucio321/tic-tac-go/pkg/core/board/board.go:70.2,70.40 1 7
github.com/gucio321/tic-tac-go/pkg/core/board/board.go:66.31,67.89 1 1
github.com/gucio321/tic-tac-go/pkg/core/board/board.go:74.31,76.32 2 1
github.com/gucio321/tic-tac-go/pkg/core/board/board.go:80.2,80.17 1 1
github.com/gucio321/tic-tac-go/pkg/core/board/board.go:76.32,78.3 1 9
github.com/gucio321/tic-tac-go/pkg/core/board/board.go:84.38,85.33 1 2
github.com/gucio321/tic-tac-go/pkg/core/board/board.go:90.2,91.30 2 1
github.com/gucio321/tic-tac-go/pkg/core/board/board.go:95.2,95.15 1 1
github.com/gucio321/tic-tac-go/pkg/core/board/board.go:85.33,87.29 1 1
github.com/gucio321/tic-tac-go/pkg/core/board/board.go:91.30,93.3 1 1
github.com/gucio321/tic-tac-go/pkg/core/board/board.go:98.36,100.31 2 0
github.com/gucio321/tic-tac-go/pkg/core/board/board.go:104.2,104.12 1 0
github.com/gucio321/tic-tac-go/pkg/core/board/board.go:100.31,102.3 1 0
github.com/gucio321/tic-tac-go/pkg/core/board/board.go:107.33,111.32 3 0
github.com/gucio321/tic-tac-go/pkg/core/board/board.go:123.2,123.10 1 0
github.com/gucio321/tic-tac-go/pkg/core/board/board.go:111.32,114.32 2 0
github.com/gucio321/tic-tac-go/pkg/core/board/board.go:120.3,120.42 1 0
github.com/gucio321/tic-tac-go/pkg/core/board/board.go:114.32,118.4 3 0
github.com/gucio321/tic-tac-go/pkg/core/board/board.go:127.36,128.25 1 2
github.com/gucio321/tic-tac-go/pkg/core/board/board.go:134.2,134.13 1 1
github.com/gucio321/tic-tac-go/pkg/core/board/board.go:128.25,129.23 1 5
github.com/gucio321/tic-tac-go/pkg/core/board/board.go:129.23,131.4 1 1
github.com/gucio321/tic-tac-go/pkg/core/board/board.go:139.67,142.27 2 0
github.com/gucio321/tic-tac-go/pkg/core/board/board.go:156.2,156.19 1 0
github.com/gucio321/tic-tac-go/pkg/core/board/board.go:142.27,145.23 2 0
github.com/gucio321/tic-tac-go/pkg/core/board/board.go:151.3,151.25 1 0
github.com/gucio321/tic-tac-go/pkg/core/board/board.go:145.23,146.36 1 0
github.com/gucio321/tic-tac-go/pkg/core/board/board.go:146.36,148.5 1 0
github.com/gucio321/tic-tac-go/pkg/core/board/board.go:151.25,153.4 1 0
github.com/gucio321/tic-tac-go/pkg/core/board/board.go:160.65,164.9 3 0
github.com/gucio321/tic-tac-go/pkg/core/board/board.go:165.30,166.100 1 0
github.com/gucio321/tic-tac-go/pkg/core/board/board.go:167.17,168.32 1 0
github.com/gucio321/tic-tac-go/pkg/core/board/board.go:169.17,170.32 1 0
github.com/gucio321/tic-tac-go/pkg/core/board/board.go:171.10,172.32 1 0
github.com/gucio321/tic-tac-go/pkg/core/board/board.go:177.46,178.35 1 3
github.com/gucio321/tic-tac-go/pkg/core/board/board.go:182.2,182.6 1 2
github.com/gucio321/tic-tac-go/pkg/core/board/board.go:194.2,194.8 1 2
github.com/gucio321/tic-tac-go/pkg/core/board/board.go:178.35,179.68 1 1
github.com/gucio321/tic-tac-go/pkg/core/board/board.go:182.6,183.21 1 5
github.com/gucio321/tic-tac-go/pkg/core/board/board.go:183.21,187.4 2 3
github.com/gucio321/tic-tac-go/pkg/core/board/board.go:187.9,190.9 2 2
github.com/gucio321/tic-tac-go/pkg/core/board/board.go:198.42,199.44 1 4
github.com/gucio321/tic-tac-go/pkg/core/board/board.go:203.2,203.22 1 3
github.com/gucio321/tic-tac-go/pkg/core/board/board.go:199.44,200.69 1 1
github.com/gucio321/tic-tac-go/pkg/core/board/enum.go:11.44,19.31 3 1
github.com/gucio321/tic-tac-go/pkg/core/board/enum.go:31.2,31.31 1 1
github.com/gucio321/tic-tac-go/pkg/core/board/enum.go:42.2,42.25 1 1
github.com/gucio321/tic-tac-go/pkg/core/board/enum.go:53.2,53.28 1 1
github.com/gucio321/tic-tac-go/pkg/core/board/enum.go:64.2,64.23 1 1
github.com/gucio321/tic-tac-go/pkg/core/board/enum.go:19.31,20.44 1 3
github.com/gucio321/tic-tac-go/pkg/core/board/enum.go:20.44,22.26 2 3
github.com/gucio321/tic-tac-go/pkg/core/board/enum.go:26.4,26.49 1 3
github.com/gucio321/tic-tac-go/pkg/core/board/enum.go:22.26,24.5 1 9
github.com/gucio321/tic-tac-go/pkg/core/board/enum.go:31.31,32.44 1 3
github.com/gucio321/tic-tac-go/pkg/core/board/enum.go:32.44,34.26 2 3
github.com/gucio321/tic-tac-go/pkg/core/board/enum.go:38.4,38.49 1 3
github.com/gucio321/tic-tac-go/pkg/core/board/enum.go:34.26,36.5 1 9
github.com/gucio321/tic-tac-go/pkg/core/board/enum.go:42.25,43.69 1 3
github.com/gucio321/tic-tac-go/pkg/core/board/enum.go:43.69,45.26 2 1
github.com/gucio321/tic-tac-go/pkg/core/board/enum.go:49.4,49.49 1 1
github.com/gucio321/tic-tac-go/pkg/core/board/enum.go:45.26,47.5 1 3
github.com/gucio321/tic-tac-go/pkg/core/board/enum.go:53.28,54.52 1 3
github.com/gucio321/tic-tac-go/pkg/core/board/enum.go:54.52,56.26 2 1
github.com/gucio321/tic-tac-go/pkg/core/board/enum.go:60.4,60.49 1 1
github.com/gucio321/tic-tac-go/pkg/core/board/enum.go:56.26,58.5 1 3
github.com/gucio321/tic-tac-go/pkg/core/board/enum.go:68.45,78.2 3 4
github.com/gucio321/tic-tac-go/pkg/core/board/enum.go:81.46,83.33 2 3
github.com/gucio321/tic-tac-go/pkg/core/board/enum.go:89.2,89.108 1 1
github.com/gucio321/tic-tac-go/pkg/core/board/enum.go:83.33,84.18 1 8
github.com/gucio321/tic-tac-go/pkg/core/board/enum.go:84.18,86.4 1 2
github.com/gucio321/tic-tac-go/pkg/core/board/enum.go:118.51,121.32 2 8
github.com/gucio321/tic-tac-go/pkg/core/board/enum.go:127.2,127.34 1 6
github.com/gucio321/tic-tac-go/pkg/core/board/enum.go:132.2,150.14 3 5
github.com/gucio321/tic-tac-go/pkg/core/board/enum.go:186.2,186.19 1 5
github.com/gucio321/tic-tac-go/pkg/core/board/enum.go:121.32,123.68 1 2
github.com/gucio321/tic-tac-go/pkg/core/board/enum.go:127.34,128.96 1 1
github.com/gucio321/tic-tac-go/pkg/core/board/enum.go:150.14,162.17 1 9
github.com/gucio321/tic-tac-go/pkg/core/board/enum.go:178.3,182.8 3 5
github.com/gucio321/tic-tac-go/pkg/core/board/enum.go:162.17,166.12 3 4
github.com/gucio321/tic-tac-go/pkg/core/board/enum.go:190.43,192.27 2 1
github.com/gucio321/tic-tac-go/pkg/core/board/enum.go:196.2,196.27 1 1
github.com/gucio321/tic-tac-go/pkg/core/board/enum.go:200.2,200.27 1 1
github.com/gucio321/tic-tac-go/pkg/core/board/enum.go:204.2,204.15 1 1
github.com/gucio321/tic-tac-go/pkg/core/board/enum.go:192.27,194.3 1 2
github.com/gucio321/tic-tac-go/pkg/core/board/enum.go:196.27,198.3 1 2
github.com/gucio321/tic-tac-go/pkg/core/board/enum.go:200.27,202.3 1 2
github.com/gucio321/tic-tac-go/pkg/core/board/enum.go:208.35,210.26 2 2
github.com/gucio321/tic-tac-go/pkg/core/board/enum.go:214.2,214.35 1 1
github.com/gucio321/tic-tac-go/pkg/core/board/enum.go:210.26,212.3 1 1
github.com/gucio321/tic-tac-go/pkg/core/board/enum.go:218.41,220.13 2 5
github.com/gucio321/tic-tac-go/pkg/core/board/enum.go:224.2,224.25 1 4
github.com/gucio321/tic-tac-go/pkg/core/board/enum.go:230.2,230.21 1 1
github.com/gucio321/tic-tac-go/pkg/core/board/enum.go:220.13,222.3 1 1
github.com/gucio321/tic-tac-go/pkg/core/board/enum.go:224.25,225.31 1 7
github.com/gucio321/tic-tac-go/pkg/core/board/enum.go:225.31,227.4 1 3
